<?xml version="1.0" encoding="UTF-8"?>
<!-- Generated by org.testng.reporters.JUnitXMLReporter -->
<testsuite ignored="0" hostname="DESKTOP-QBU6TI0" failures="1" tests="2" name="Test" time="0.949" errors="0" timestamp="2024-04-22T17:18:33 IST">
  <testcase classname="com.twitter.testcases.Login" name="twitterLogin" time="0.754">
    <failure type="java.lang.AssertionError" message="The following asserts failed:
	expected [true] but found [false]">
      <![CDATA[java.lang.AssertionError: The following asserts failed:
expected [true] but found [false]
at com.twitter.pages.LoginPage.checkLoginurl(LoginPage.java:41)
at com.twitter.testcases.Login.twitterLogin(Login.java:14)
at java.base/java.util.ArrayList.forEach(ArrayList.java:1511)
... Removed 29 stack frames]]>
    </failure>
  </testcase> <!-- twitterLogin -->
  <testcase classname="com.a.b.a" name="af" time="0.006"/>
</testsuite> <!-- Test -->
