<?xml version="1.0" encoding="UTF-8"?>
<testng-results ignored="0" total="1" passed="1" failed="0" skipped="0">
  <reporter-output>
  </reporter-output>
  <suite started-at="2022-04-25T11:37:19Z" name="Suite" finished-at="2022-04-25T11:37:32Z" duration-ms="13037">
    <groups>
    </groups>
    <test started-at="2022-04-25T11:37:19Z" name="Test" finished-at="2022-04-25T11:37:32Z" duration-ms="13037">
      <class name="com.twitter.testcases.Login">
        <test-method signature="twitterLogin()[pri:0, instance:com.twitter.testcases.Login@475c9c31]" started-at="2022-04-25T11:37:19Z" name="twitterLogin" finished-at="2022-04-25T11:37:32Z" duration-ms="13004" status="PASS">
          <reporter-output>
          </reporter-output>
        </test-method> <!-- twitterLogin -->
      </class> <!-- com.twitter.testcases.Login -->
    </test> <!-- Test -->
  </suite> <!-- Suite -->
</testng-results>
